

[15.11.23|15:47:56] Folder: "/db" FOUND
[15.11.23|15:47:56] DATABASE: "users.db" FOUND
[15.11.23|15:47:56] TABLE: "Users" FOUND
[15.11.23|15:47:57] DATABASE: "posts.db" FOUND
[15.11.23|15:47:57] TABLE: "Posts" FOUND
[15.11.23|15:47:57] DATABASE: "comments.db" FOUND
[15.11.23|15:47:57] TABLE: "Comments" FOUND
[15.11.23|15:48:11] 1 POINTS ADDED TO "JeremiahOpe"
[15.11.23|15:48:11] USER: "JeremiahOpe" LOGGED IN
[15.11.23|15:48:17] USER: "JeremiahOpe" LOGGED OUT
[15.11.23|15:49:41] Folder: "/db" FOUND
[15.11.23|15:49:41] DATABASE: "users.db" FOUND
[15.11.23|15:49:41] TABLE: "Users" FOUND
[15.11.23|15:49:41] DATABASE: "posts.db" FOUND
[15.11.23|15:49:41] TABLE: "Posts" FOUND
[15.11.23|15:49:41] DATABASE: "comments.db" FOUND
[15.11.23|15:49:41] TABLE: "Comments" FOUND
[15.11.23|15:49:46] POST: "1" FOUND
[15.11.23|15:49:54] 1 POINTS ADDED TO "JeremiahOpe"
[15.11.23|15:49:54] USER: "JeremiahOpe" LOGGED IN
[15.11.23|15:49:54] POST: "1" FOUND
[15.11.23|15:49:57] POST: "1" FOUND
[15.11.23|15:50:11] POST: "1" FOUND
[15.11.23|15:50:11] POST: "SYCL Code Revolution" EDITED
[15.11.23|15:50:11] POST: "1" FOUND
